<?xml version="1.0" encoding="UTF-8"?>
<!-- Generated by org.testng.reporters.JUnitXMLReporter -->
<testsuite ignored="0" hostname="LAPTOP-L19BSF30" failures="0" tests="4" name="Test1" time="47.694" errors="0" timestamp="2025-10-19T10:40:24 IST">
  <testcase classname="testScript.LoginTest" name="verifyUserwithValidCredentials" time="22.14"/>
  <testcase classname="testScript.LoginTest" name="verifyInvalidusernameandValidPassword" time="0.956"/>
  <testcase classname="testScript.LoginTest" name="verifyValidusernameandInvalidPassword" time="0.618"/>
  <testcase classname="testScript.LoginTest" name="verifyINalidusernameandInvalidPassword" time="0.529"/>
</testsuite> <!-- Test1 -->
