<?xml version="1.0" encoding="UTF-8"?>
<!-- Generated by org.testng.reporters.JUnitXMLReporter -->
<testsuite ignored="3" hostname="MEENAKSHI" failures="0" tests="1" name="Test1" time="10.872" errors="0" timestamp="2026-05-05T19:31:28 IST">
  <testcase classname="testscripts.LoginTest" name="verifyUserLoginWithValidCredentials" time="5.6"/>
  <testcase classname="testscripts.LoginTest" name="verifyUserLoginWithInvalidUserName" time="0.0">
    <ignored/>
  </testcase> <!-- verifyUserLoginWithInvalidUserName -->
  <testcase classname="testscripts.LoginTest" name="verifyUserLoginWithInvalidCredentials" time="0.0">
    <ignored/>
  </testcase> <!-- verifyUserLoginWithInvalidCredentials -->
  <testcase classname="testscripts.LoginTest" name="verifyUserLoginWithInavlidPassword" time="0.0">
    <ignored/>
  </testcase> <!-- verifyUserLoginWithInavlidPassword -->
</testsuite> <!-- Test1 -->
