<?xml version="1.0" encoding="UTF-8"?>
<!-- Generated by org.testng.reporters.JUnitReportReporter -->
<testsuite hostname="LAPTOP-L19BSF30" failures="0" tests="2" name="testScript.ManageNewsTest" time="17.841" errors="0" timestamp="2025-10-28T07:41:49 IST" skipped="0">
  <testcase classname="testScript.ManageNewsTest" name="isUserIsAbleToAddNewNews" time="9.117"/>
  <testcase classname="testScript.ManageNewsTest" name="isUserIsAbleTosearchNews" time="8.724"/>
</testsuite> <!-- testScript.ManageNewsTest -->
