<?xml version="1.0" encoding="UTF-8"?>
<!-- Generated by org.testng.reporters.JUnitXMLReporter -->
<testsuite ignored="0" hostname="MEENAKSHI" failures="1" tests="1" name="Test" time="6.699" errors="0" timestamp="2026-05-19T19:55:33 IST">
  <testcase classname="testscripts.ManageContactTest" name="verifyWhetherUserIsAbleToclickManageContactButton" time="3.077">
    <failure type="java.lang.NullPointerException" message="Cannot invoke &amp;quot;pages.HomePage.clickcontactmoreinfo()&amp;quot; because &amp;quot;this.home&amp;quot; is null">
      <![CDATA[java.lang.NullPointerException: Cannot invoke "pages.HomePage.clickcontactmoreinfo()" because "this.home" is null
at testscripts.ManageContactTest.verifyWhetherUserIsAbleToclickManageContactButton(ManageContactTest.java:29)
at java.base/java.util.ArrayList.forEach(ArrayList.java:1596)
... Removed 25 stack frames]]>
    </failure>
  </testcase> <!-- verifyWhetherUserIsAbleToclickManageContactButton -->
</testsuite> <!-- Test -->
