<?xml version="1.0" encoding="UTF-8"?>
<!-- Generated by org.testng.reporters.JUnitXMLReporter -->
<testsuite ignored="0" hostname="MEENAKSHI" failures="0" tests="1" name="Test" time="0.099" errors="0" timestamp="2026-05-11T21:21:37 IST">
  <testcase classname="mainproject.TestNGBase" name="@BeforeMethod initializeBrowser" time="-1.778514697031E9">
    <failure type="org.testng.TestNGException" message="
Parameter &amp;apos;browser&amp;apos; is required by BeforeMethod on method initializeBrowser but has not been marked @Optional or defined
in C:\Users\25mee\eclipse-workspace\GroceryApplication\testng.xml">
      <![CDATA[org.testng.TestNGException: 
Parameter 'browser' is required by BeforeMethod on method initializeBrowser but has not been marked @Optional or defined
in C:\Users\25mee\eclipse-workspace\GroceryApplication\testng.xml
at java.base/java.util.ArrayList.forEach(ArrayList.java:1596)
... Removed 28 stack frames]]>
    </failure>
  </testcase> <!-- @BeforeMethod initializeBrowser -->
  <testcase classname="testscripts.ManageContactTest" name="verifyWhetherUserIsAbleToclickManageContactButton" time="0.001">
    <skipped/>
  </testcase> <!-- verifyWhetherUserIsAbleToclickManageContactButton -->
</testsuite> <!-- Test -->
