<?xml version="1.0" encoding="UTF-8"?>
<testng-results ignored="0" total="1" passed="1" failed="0" skipped="0">
  <reporter-output>
  </reporter-output>
  <suite started-at="2026-05-14T18:04:28 IST" name="Suite" finished-at="2026-05-14T18:04:38 IST" duration-ms="9682">
    <groups>
    </groups>
    <test started-at="2026-05-14T18:04:28 IST" name="Test" finished-at="2026-05-14T18:04:38 IST" duration-ms="9682">
      <class name="testscripts.HomeTest">
        <test-method is-config="true" signature="initializeBrowser(java.lang.String)[pri:0, instance:testscripts.HomeTest@31190526]" started-at="2026-05-14T18:04:28 IST" name="initializeBrowser" finished-at="2026-05-14T18:04:34 IST" duration-ms="5620" status="PASS">
          <params>
            <param index="0">
              <value>
                <![CDATA[chrome]]>
              </value>
            </param>
          </params>
          <reporter-output>
          </reporter-output>
        </test-method> <!-- initializeBrowser -->
        <test-method signature="verifyUserLogout()[pri:0, instance:testscripts.HomeTest@31190526]" started-at="2026-05-14T18:04:34 IST" name="verifyUserLogout" finished-at="2026-05-14T18:04:38 IST" duration-ms="3997" status="PASS">
          <reporter-output>
          </reporter-output>
        </test-method> <!-- verifyUserLogout -->
        <test-method is-config="true" signature="closeBrowser(org.testng.ITestResult)[pri:0, instance:testscripts.HomeTest@31190526]" started-at="2026-05-14T18:04:38 IST" name="closeBrowser" finished-at="2026-05-14T18:04:38 IST" duration-ms="0" status="PASS">
          <params>
            <param index="0">
              <value>
                <![CDATA[[TestResult name=verifyUserLogout status=SUCCESS method=HomeTest.verifyUserLogout()[pri:0, instance:testscripts.HomeTest@31190526] output={null}]]]>
              </value>
            </param>
          </params>
          <reporter-output>
          </reporter-output>
        </test-method> <!-- closeBrowser -->
      </class> <!-- testscripts.HomeTest -->
    </test> <!-- Test -->
  </suite> <!-- Suite -->
</testng-results>
